[INFO] arg: execute_mode=decode
[INFO] arg: task=seg
[INFO] arg: quiet=False
[INFO] arg: lowercasing=False
[INFO] arg: normalize_digits=False
[INFO] arg: gpu=1
[INFO] arg: batch_size=50
[INFO] arg: model_path=models/main/20200710_1611/20200710_1611_e17.723.pt
[INFO] arg: path_prefix=None
[INFO] arg: decode_data=data/samples/best2010_sample_10.raw.sl
[INFO] arg: output_data=decode_sample_ch_top5.sl
[INFO] arg: input_data_format=sl
[INFO] arg: output_data_format=sl
[INFO] arg: output_token_delim= 
[INFO] arg: evaluation_method=normal
[INFO] arg: unigram_embed_model_path=None
[INFO] arg: embed_dropout=0.0
[INFO] arg: rnn_dropout=0.2
[INFO] arg: external_dic_path=None
[INFO] arg: mlp_dropout=0.0
[INFO] arg: tagging_unit=single
[INFO] arg: crf_top_k=5
